 INFO[15:23:16,243][main]ImportMain.initImport()(135) 
********************************************************************************
*
* Start Log for tbimport.
*     Vendor:  Tibero
*     Product: tbimport
*     Version: 6.0 126302 UNKNOWN none
*
* Trace is started on 15:23:16.242
*     Log level: INFO
*
********************************************************************************

 INFO[15:23:16,263][main]ImportMain.initImport()(141) Parameters=username=SYS password=tibero ip=localhost port=8629 sid=tibero file='C:\Users\junhukang\Documents\Google_Drive\3-4.Junior_2nd_semester\Database\티베로 자료\DBData.dat' full=y thread_cnt=1 io_buf_size=16M bind_buf_size=1M
 INFO[15:23:16,276][main]Connect.dbConn()(54) Connect DB: jdbc:internal:thin:@localhost:8629:tibero
 INFO[15:23:17,026][main]Connect.dbConn()(54) Connect DB: jdbc:internal:thin:@localhost:8629:tibero
ERROR[15:23:17,497][main]ImportInfo6.importObject()(270) [FAILED] TBR-7098: JDBC-7098:Duplicate tablespace 'SYSTEM' exists. :
CREATE TABLESPACE "SYSTEM" DATAFILE
	'C:\TmaxData\tibero6\database\tibero\system_001.dbf' SIZE 104857600 AUTOEXTEND ON NEXT 104857600 MAXSIZE 1073741824
EXTENT MANAGEMENT LOCAL AUTOALLOCATE
ERROR[15:23:17,499][main]ImportInfo6.importObject()(270) [FAILED] TBR-7098: JDBC-7098:Duplicate tablespace 'USR' exists. :
CREATE TABLESPACE "USR" DATAFILE
	'C:\TmaxData\tibero6\database\tibero\usr_001.dbf' SIZE 104857600 AUTOEXTEND ON NEXT 104857600 MAXSIZE 1073741824
EXTENT MANAGEMENT LOCAL AUTOALLOCATE
ERROR[15:23:17,500][main]ImportInfo6.importObject()(270) [FAILED] TBR-7098: JDBC-7098:Duplicate tablespace 'SYSSUB' exists. :
CREATE TABLESPACE "SYSSUB" DATAFILE
	'C:\TmaxData\tibero6\database\tibero\tibero\examples\tbdata\tibero\syssub01.dtf' SIZE 104857600 AUTOEXTEND ON NEXT 67108864 MAXSIZE 209715200
EXTENT MANAGEMENT LOCAL AUTOALLOCATE
ERROR[15:23:17,856][main]ImportInfo6.importObject()(270) [FAILED] TBR-7100: JDBC-7100:Username 'CONNECT' conflicts with another user or role name. :
CREATE ROLE "CONNECT"
ERROR[15:23:17,858][main]ImportInfo6.importObject()(270) [FAILED] TBR-7100: JDBC-7100:Username 'RESOURCE' conflicts with another user or role name. :
CREATE ROLE "RESOURCE"
ERROR[15:23:17,860][main]ImportInfo6.importObject()(270) [FAILED] TBR-7100: JDBC-7100:Username 'SELECT_CATALOG_ROLE' conflicts with another user or role name. :
CREATE ROLE "SELECT_CATALOG_ROLE"
ERROR[15:23:17,862][main]ImportInfo6.importObject()(270) [FAILED] TBR-7100: JDBC-7100:Username 'DBA' conflicts with another user or role name. :
CREATE ROLE "DBA"
ERROR[15:23:17,865][main]ImportInfo6.importObject()(270) [FAILED] TBR-7100: JDBC-7100:Username 'HS_ADMIN_ROLE' conflicts with another user or role name. :
CREATE ROLE "HS_ADMIN_ROLE"
ERROR[15:23:17,882][main]ImportInfo6.importObject()(270) [FAILED] TBR-7100: JDBC-7100:Username 'PUBLIC' conflicts with another user or role name. :
CREATE ROLE "PUBLIC"
ERROR[15:23:17,901][main]ImportInfo6.importObject()(270) [FAILED] TBR-7100: JDBC-7100:Username 'OUTLN' conflicts with another user or role name. :
CREATE USER "OUTLN" IDENTIFIED BY ENCRYPTED 'vNhIe1qdJmGQvgq82nKdUA=='
DEFAULT TABLESPACE "USR"
ERROR[15:23:17,906][main]ImportInfo6.importObject()(270) [FAILED] TBR-7100: JDBC-7100:Username 'TIBERO' conflicts with another user or role name. :
CREATE USER "TIBERO" IDENTIFIED BY ENCRYPTED '+N2TQ1DXn1cB93y5+z83RA=='
DEFAULT TABLESPACE "USR"
ERROR[15:23:17,908][main]ImportInfo6.importObject()(270) [FAILED] TBR-7100: JDBC-7100:Username 'TIBERO1' conflicts with another user or role name. :
CREATE USER "TIBERO1" IDENTIFIED BY ENCRYPTED '+N2TQ1DXn1cB93y5+z83RA=='
DEFAULT TABLESPACE "USR"
 INFO[15:23:18,229][main]AbstractImportInfo.importRowsByThread()(877) wait a thread for work.
 INFO[15:23:18,289][Thread-1]AbstractImportRows.importRows()(240) EOF: "HR"."COUNTRIES"
 INFO[15:23:18,308][Thread-2]AbstractImportRows.importRows()(240) EOF: "HR"."DEPARTMENTS"
 INFO[15:23:18,354][main]AbstractImportInfo.importRowsByThread()(877) wait a thread for work.
 INFO[15:23:18,367][Thread-3]AbstractImportRows.importRows()(240) EOF: "HR"."EMPLOYEES"
 INFO[15:23:18,383][Thread-4]AbstractImportRows.importRows()(240) EOF: "HR"."JOBS"
 INFO[15:23:18,400][Thread-5]AbstractImportRows.importRows()(240) EOF: "HR"."JOB_HISTORY"
 INFO[15:23:18,419][Thread-6]AbstractImportRows.importRows()(240) EOF: "HR"."LOCATIONS"
 INFO[15:23:18,419][main]AbstractImportInfo.importRowsByThread()(877) wait a thread for work.
 INFO[15:23:18,424][Thread-7]AbstractImportRows.importRows()(240) EOF: "HR"."REGIONS"
ERROR[15:23:19,742][main]ImportInfo6.importObject()(270) [FAILED] TBR-7102: JDBC-7102:Duplicate schema object 'OUTLN.OL$' exists. :
CREATE TABLE "OL$" (
	"SQL_TEXT" LONG,
	"OL_NAME" VARCHAR(30 BYTE),
	"HASH_VAL" NUMBER,
	"LP_HASH_VAL" NUMBER,
	"USER_ID" NUMBER,
	"CATEGORY" VARCHAR(30 BYTE),
	"RESERVED1" VARCHAR(128 BYTE),
	"RESERVED2" VARCHAR(128 BYTE),
	"RESERVED3" VARCHAR(128 BYTE),
	"RESERVED4" VARCHAR(128 BYTE),
	"TIME" TIMESTAMP(6)
)
TABLESPACE "USR"
PCTFREE 10
INITRANS 2
LOGGING
NOPARALLEL
 INFO[15:23:19,742][main]ImportInfo6.importInfo()(72) Table already exist: CREATE TABLE "OL$" (
	"SQL_TEXT" LONG,
	"OL_NAME" VARCHAR(30 BYTE),
	"HASH_VAL" NUMBER,
	"LP_HASH_VAL" NUMBER,
	"USER_ID" NUMBER,
	"CATEGORY" VARCHAR(30 BYTE),
	"RESERVED1" VARCHAR(128 BYTE),
	"RESERVED2" VARCHAR(128 BYTE),
	"RESERVED3" VARCHAR(128 BYTE),
	"RESERVED4" VARCHAR(128 BYTE),
	"TIME" TIMESTAMP(6)
)
TABLESPACE "USR"
PCTFREE 10
INITRANS 2
LOGGING
NOPARALLEL
ERROR[15:23:19,743][main]ImportInfo6.importObject()(270) [FAILED] TBR-7102: JDBC-7102:Duplicate schema object 'OUTLN.OL$HINTS' exists. :
CREATE TABLE "OL$HINTS" (
	"OL_NAME" VARCHAR(128 BYTE),
	"OP_TYPE" VARCHAR(128 BYTE),
	"TABLE_NAME" VARCHAR(128 BYTE),
	"LPN_NUM" NUMBER,
	"INDEX_NAME" VARCHAR(128 BYTE),
	"JOIN_L" NUMBER,
	"JOIN_R" NUMBER,
	"RESERVED1" VARCHAR(128 BYTE),
	"RESERVED2" VARCHAR(128 BYTE),
	"RESERVED3" VARCHAR(128 BYTE),
	"RESERVED4" VARCHAR(128 BYTE)
)
TABLESPACE "USR"
PCTFREE 10
INITRANS 2
LOGGING
NOPARALLEL
 INFO[15:23:19,744][main]ImportInfo6.importInfo()(72) Table already exist: CREATE TABLE "OL$HINTS" (
	"OL_NAME" VARCHAR(128 BYTE),
	"OP_TYPE" VARCHAR(128 BYTE),
	"TABLE_NAME" VARCHAR(128 BYTE),
	"LPN_NUM" NUMBER,
	"INDEX_NAME" VARCHAR(128 BYTE),
	"JOIN_L" NUMBER,
	"JOIN_R" NUMBER,
	"RESERVED1" VARCHAR(128 BYTE),
	"RESERVED2" VARCHAR(128 BYTE),
	"RESERVED3" VARCHAR(128 BYTE),
	"RESERVED4" VARCHAR(128 BYTE)
)
TABLESPACE "USR"
PCTFREE 10
INITRANS 2
LOGGING
NOPARALLEL
ERROR[15:23:19,744][main]ImportInfo6.importObject()(270) [FAILED] TBR-7102: JDBC-7102:Duplicate schema object 'OUTLN.OL$NAME' exists. :
CREATE INDEX "OL$NAME" ON "OL$" (
	"OL_NAME" ASC
)
LOGGING
TABLESPACE "USR"
NOPARALLEL
PCTFREE 10
INITRANS 2
 INFO[15:23:19,771][Thread-8]AbstractImportRows.importRows()(240) EOF: "TEST"."COUNTRIES"
 INFO[15:23:19,817][Thread-9]AbstractImportRows.importRows()(240) EOF: "TIBERO"."COUNTRIES"
 INFO[15:23:19,820][main]AbstractImportInfo.importRowsByThread()(877) wait a thread for work.
 INFO[15:23:19,823][Thread-10]AbstractImportRows.importRows()(240) EOF: "TIBERO"."EMP"
 INFO[15:23:19,827][main]AbstractImportInfo.importRowsByThread()(877) wait a thread for work.
 INFO[15:24:12,648][Thread-11]AbstractImportRows.importRows()(240) EOF: "TIBERO"."T"
 INFO[15:24:12,840][Thread-12]AbstractImportRows.importRows()(240) EOF: "TIBERO1"."COUNTRIES"
 INFO[15:24:15,604][main]ImportMain.printImportEnd()(367) Import completed successfully: Thu Apr 05 15:24:15 KST 2018
